{"timestamp":"2026-04-01T03:02:01.256Z","level":"info","message":"http_request","requestId":"3e5f97dd-4f27-4c02-9bae-1e3977511f75","method":"GET","path":"/api/clients","statusCode":304,"durationMs":493,"ip":"::1","userId":1}
{"timestamp":"2026-04-01T03:02:01.259Z","level":"info","message":"http_request","requestId":"91b12ec0-a0ad-407f-add8-7be52e079a8f","method":"GET","path":"/api/sales","statusCode":304,"durationMs":494,"ip":"::1","userId":1}
{"timestamp":"2026-04-01T03:02:01.260Z","level":"info","message":"http_request","requestId":"c54de437-aa63-4322-9a61-13a7d4eb4689","method":"GET","path":"/api/sales/summary?from=2026-04-01&to=2026-04-01","statusCode":304,"durationMs":493,"ip":"::1","userId":1}
{"timestamp":"2026-04-01T03:02:01.393Z","level":"info","message":"http_request","requestId":"6baf223a-45e1-4e1c-a6e9-2c3f8ecda309","method":"GET","path":"/api/sales/summary?from=2026-04-01&to=2026-04-01","statusCode":304,"durationMs":129,"ip":"::1","userId":1}
{"timestamp":"2026-04-01T03:02:01.396Z","level":"info","message":"http_request","requestId":"862ec712-2b56-4eb5-8978-06b637e0bdc2","method":"GET","path":"/api/clients","statusCode":304,"durationMs":134,"ip":"::1","userId":1}
{"timestamp":"2026-04-01T03:02:01.398Z","level":"info","message":"http_request","requestId":"0a6d1313-19b2-4446-9a3d-ac34380f05c3","method":"GET","path":"/api/sales","statusCode":304,"durationMs":134,"ip":"::1","userId":1}
{"timestamp":"2026-04-01T03:02:01.495Z","level":"info","message":"http_request","requestId":"0d076f25-fd1f-4929-b2df-e1eaedb745fd","method":"GET","path":"/api/products","statusCode":304,"durationMs":729,"ip":"::1","userId":1}
{"timestamp":"2026-04-01T03:02:01.682Z","level":"info","message":"http_request","requestId":"add77dc9-4fb3-4527-b58c-6a597aa781dd","method":"GET","path":"/api/products","statusCode":304,"durationMs":185,"ip":"::1","userId":1}
{"timestamp":"2026-04-01T13:22:29.549Z","level":"info","message":"http_request","requestId":"0555b9f3-6f43-4041-bb6a-2388712d7213","method":"GET","path":"/api/clients","statusCode":401,"durationMs":12,"ip":"::1","userId":null}
{"timestamp":"2026-04-01T13:22:29.557Z","level":"info","message":"http_request","requestId":"1389d573-08fb-4234-b032-2a815cac68fe","method":"GET","path":"/api/products","statusCode":401,"durationMs":3,"ip":"::1","userId":null}
{"timestamp":"2026-04-01T13:22:29.562Z","level":"info","message":"http_request","requestId":"935e0b0a-d203-4840-a994-39605ce21cae","method":"GET","path":"/api/sales","statusCode":401,"durationMs":2,"ip":"::1","userId":null}
{"timestamp":"2026-04-01T13:22:29.567Z","level":"info","message":"http_request","requestId":"c651c958-9b4f-4f0f-ad0b-34b6bbf87513","method":"GET","path":"/api/sales/summary?from=2026-04-01&to=2026-04-01","statusCode":401,"durationMs":3,"ip":"::1","userId":null}
{"timestamp":"2026-04-01T13:22:29.571Z","level":"info","message":"http_request","requestId":"c3b84fc2-de68-48e5-ba83-b4b8a20a4b41","method":"GET","path":"/api/clients","statusCode":401,"durationMs":2,"ip":"::1","userId":null}
{"timestamp":"2026-04-01T13:22:29.576Z","level":"info","message":"http_request","requestId":"be27ba28-864e-4ab0-a1d2-9c3968e41c3a","method":"GET","path":"/api/products","statusCode":401,"durationMs":1,"ip":"::1","userId":null}
{"timestamp":"2026-04-01T13:22:29.580Z","level":"info","message":"http_request","requestId":"4bcdfa8e-d1f1-41b6-b11c-157a909886ec","method":"GET","path":"/api/sales","statusCode":401,"durationMs":2,"ip":"::1","userId":null}
{"timestamp":"2026-04-01T13:22:29.584Z","level":"info","message":"http_request","requestId":"6ccc8363-7956-4813-80d0-21da8f6a6c90","method":"GET","path":"/api/sales/summary?from=2026-04-01&to=2026-04-01","statusCode":401,"durationMs":2,"ip":"::1","userId":null}
{"timestamp":"2026-04-01T13:22:42.111Z","level":"info","message":"http_request","requestId":"e6fe8c2a-f0f3-4cb9-9d93-f34b01f4d1c8","method":"GET","path":"/api/clients","statusCode":401,"durationMs":3,"ip":"::1","userId":null}
{"timestamp":"2026-04-01T13:22:42.116Z","level":"info","message":"http_request","requestId":"32fde4bf-1b93-4065-81fe-3c3b7e047848","method":"GET","path":"/api/products","statusCode":401,"durationMs":1,"ip":"::1","userId":null}
{"timestamp":"2026-04-01T13:22:42.122Z","level":"info","message":"http_request","requestId":"abd07f03-e438-44f8-8840-8961dc09adc0","method":"GET","path":"/api/sales","statusCode":401,"durationMs":4,"ip":"::1","userId":null}
{"timestamp":"2026-04-01T13:22:42.125Z","level":"info","message":"http_request","requestId":"9fce1322-088c-4870-8a3b-1828c5e785aa","method":"GET","path":"/api/sales/summary?from=2026-04-01&to=2026-04-01","statusCode":401,"durationMs":1,"ip":"::1","userId":null}
{"timestamp":"2026-04-01T13:22:42.132Z","level":"info","message":"http_request","requestId":"f1d8d8df-b1fd-4399-a176-e9b344399cb8","method":"GET","path":"/api/clients","statusCode":401,"durationMs":2,"ip":"::1","userId":null}
{"timestamp":"2026-04-01T13:22:42.136Z","level":"info","message":"http_request","requestId":"985260ce-8972-4c97-8573-e4f6f50e9a62","method":"GET","path":"/api/products","statusCode":401,"durationMs":3,"ip":"::1","userId":null}
{"timestamp":"2026-04-01T13:22:42.139Z","level":"info","message":"http_request","requestId":"d1584964-f5d9-412b-9d91-94e3e0b59f5c","method":"GET","path":"/api/sales","statusCode":401,"durationMs":2,"ip":"::1","userId":null}
{"timestamp":"2026-04-01T13:22:42.141Z","level":"info","message":"http_request","requestId":"dfdc09e6-5584-4034-bdaa-be301ff10bcf","method":"GET","path":"/api/sales/summary?from=2026-04-01&to=2026-04-01","statusCode":401,"durationMs":1,"ip":"::1","userId":null}
{"timestamp":"2026-04-01T13:23:22.273Z","level":"info","message":"http_request","requestId":"8d91527a-ed79-4f6a-938c-b52fb6495063","method":"GET","path":"/api/clients","statusCode":401,"durationMs":9,"ip":"::1","userId":null}
{"timestamp":"2026-04-01T13:23:22.278Z","level":"info","message":"http_request","requestId":"dd5019f7-0d17-4914-98f0-5da8973b7f26","method":"GET","path":"/api/products","statusCode":401,"durationMs":2,"ip":"::1","userId":null}
{"timestamp":"2026-04-01T13:23:22.284Z","level":"info","message":"http_request","requestId":"f183687f-bcc6-4cf4-80e3-83320600b480","method":"GET","path":"/api/sales","statusCode":401,"durationMs":2,"ip":"::1","userId":null}
{"timestamp":"2026-04-01T13:23:22.287Z","level":"info","message":"http_request","requestId":"96f43faf-272a-461b-8708-bd1cc21b6306","method":"GET","path":"/api/sales/summary?from=2026-04-01&to=2026-04-01","statusCode":401,"durationMs":1,"ip":"::1","userId":null}
{"timestamp":"2026-04-01T13:23:22.290Z","level":"info","message":"http_request","requestId":"b31c376c-e18f-45f7-b714-844bc7bf2df5","method":"GET","path":"/api/clients","statusCode":401,"durationMs":1,"ip":"::1","userId":null}
{"timestamp":"2026-04-01T13:23:22.295Z","level":"info","message":"http_request","requestId":"cf116bbd-f7b5-4b46-b613-3394e6693103","method":"GET","path":"/api/products","statusCode":401,"durationMs":2,"ip":"::1","userId":null}
{"timestamp":"2026-04-01T13:23:22.299Z","level":"info","message":"http_request","requestId":"d40eb942-061c-4ff9-84bf-06b3ba5a1957","method":"GET","path":"/api/sales","statusCode":401,"durationMs":2,"ip":"::1","userId":null}
{"timestamp":"2026-04-01T13:23:22.302Z","level":"info","message":"http_request","requestId":"ae942f69-5482-48a3-8dc9-5f30b3ebe356","method":"GET","path":"/api/sales/summary?from=2026-04-01&to=2026-04-01","statusCode":401,"durationMs":1,"ip":"::1","userId":null}
{"timestamp":"2026-04-01T13:24:10.131Z","level":"info","message":"http_request","requestId":"09261857-b517-4ce1-8d5f-a31b54b82487","method":"POST","path":"/api/auth/login","statusCode":200,"durationMs":411,"ip":"::1","userId":null}
{"timestamp":"2026-04-01T13:24:10.288Z","level":"info","message":"http_request","requestId":"f3706565-fe7c-4b06-be33-4cdc36fe7eb6","method":"GET","path":"/api/clients","statusCode":304,"durationMs":129,"ip":"::1","userId":1}
{"timestamp":"2026-04-01T13:24:10.515Z","level":"info","message":"http_request","requestId":"e0d13bf2-70d3-4930-aa25-41f154c63557","method":"GET","path":"/api/clients","statusCode":200,"durationMs":349,"ip":"::1","userId":1}
{"timestamp":"2026-04-01T13:24:10.520Z","level":"info","message":"http_request","requestId":"47f43c86-e069-466c-bb00-1eb98301e757","method":"GET","path":"/api/sales","statusCode":304,"durationMs":357,"ip":"::1","userId":1}
{"timestamp":"2026-04-01T13:24:10.523Z","level":"info","message":"http_request","requestId":"2cb0d0e2-dca7-42c7-8731-d610c55e1b2c","method":"GET","path":"/api/sales/summary?from=2026-04-01&to=2026-04-01","statusCode":304,"durationMs":359,"ip":"::1","userId":1}
{"timestamp":"2026-04-01T13:24:10.735Z","level":"info","message":"http_request","requestId":"3a9b5d9f-8bcc-400b-9d7e-95e203c4d622","method":"GET","path":"/api/products","statusCode":304,"durationMs":573,"ip":"::1","userId":1}
{"timestamp":"2026-04-01T13:24:11.364Z","level":"info","message":"http_request","requestId":"ad3911ed-a717-4fe5-96dc-518cf1b319f7","method":"GET","path":"/api/sales","statusCode":200,"durationMs":116,"ip":"::1","userId":1}
{"timestamp":"2026-04-01T13:24:11.366Z","level":"info","message":"http_request","requestId":"6afcdf5b-02e4-4a2c-b76b-fcb94d94ee65","method":"GET","path":"/api/clients","statusCode":200,"durationMs":121,"ip":"::1","userId":1}
{"timestamp":"2026-04-01T13:24:11.368Z","level":"info","message":"http_request","requestId":"f041c77a-9978-4932-908b-7b451ae7778e","method":"GET","path":"/api/sales/summary?from=2026-04-01&to=2026-04-01","statusCode":200,"durationMs":119,"ip":"::1","userId":1}
{"timestamp":"2026-04-01T13:24:11.487Z","level":"info","message":"http_request","requestId":"18e75122-19ed-4629-a264-0763be2543d6","method":"GET","path":"/api/sales","statusCode":304,"durationMs":117,"ip":"::1","userId":1}
{"timestamp":"2026-04-01T13:24:11.488Z","level":"info","message":"http_request","requestId":"9a449fce-4de2-4b34-81ca-c79ca4e8e826","method":"GET","path":"/api/clients","statusCode":304,"durationMs":116,"ip":"::1","userId":1}
{"timestamp":"2026-04-01T13:24:11.490Z","level":"info","message":"http_request","requestId":"d1f69998-ad55-498a-8138-d75d501e1a93","method":"GET","path":"/api/sales/summary?from=2026-04-01&to=2026-04-01","statusCode":304,"durationMs":117,"ip":"::1","userId":1}
{"timestamp":"2026-04-01T13:24:11.685Z","level":"info","message":"http_request","requestId":"61944bda-6e5a-4b60-884e-081cd2d33ce6","method":"GET","path":"/api/products","statusCode":200,"durationMs":438,"ip":"::1","userId":1}
{"timestamp":"2026-04-01T13:24:11.883Z","level":"info","message":"http_request","requestId":"84f35e20-092c-43b7-9c36-787144726b8f","method":"GET","path":"/api/products","statusCode":304,"durationMs":193,"ip":"::1","userId":1}
{"timestamp":"2026-04-01T13:24:15.592Z","level":"info","message":"http_request","requestId":"de89875c-8fed-4624-bcc4-f00dd31378ec","method":"GET","path":"/api/categories","statusCode":304,"durationMs":115,"ip":"::1","userId":1}
{"timestamp":"2026-04-01T13:24:15.710Z","level":"info","message":"http_request","requestId":"bb1444c0-c253-4a41-a433-922a1ce495e0","method":"GET","path":"/api/categories","statusCode":304,"durationMs":115,"ip":"::1","userId":1}
{"timestamp":"2026-04-01T13:24:16.103Z","level":"info","message":"http_request","requestId":"fc0d725c-9a17-48da-b23f-4a8300718b2c","method":"GET","path":"/api/products","statusCode":304,"durationMs":371,"ip":"::1","userId":1}
